<?xml version="1.0" encoding="UTF-8"?>
<testsuite name="chessboard.chessTest" tests="1" skipped="0" failures="0" errors="0" timestamp="2016-10-06T17:32:50" hostname="Joshs-MacBook-Pro-7.local" time="0.001">
  <properties/>
  <testcase name="main" classname="chessboard.chessTest" time="0.001"/>
  <system-out><![CDATA[]]></system-out>
  <system-err><![CDATA[]]></system-err>
</testsuite>
